2025-07-08 13:37:34,146 - INFO - Loading dataset...
2025-07-08 13:37:34,150 - ERROR - An error occurred: [Errno 2] No such file or directory: 'Training1.xlsx'
2025-07-08 13:38:10,414 - INFO - Loading dataset...
2025-07-08 13:38:13,252 - INFO - Starting grid search for hyperparameter tuning...
2025-07-08 13:39:49,354 - INFO - Best parameters: {'colsample_bytree': 1.0, 'gamma': 0, 'learning_rate': 0.1, 'max_depth': 6, 'min_child_weight': 1, 'n_estimators': 300, 'subsample': 1.0}
2025-07-08 13:39:49,356 - INFO - Starting SHAP explanation...
2025-07-08 13:39:52,361 - INFO - SHAP values saved to shap_outputs/shap_values.csv
2025-07-08 13:39:56,907 - INFO - Dependence plot saved for SR2
2025-07-08 13:39:58,230 - INFO - Dependence plot saved for T1
2025-07-08 13:39:59,887 - INFO - Dependence plot saved for S1
2025-07-08 13:40:01,104 - INFO - Dependence plot saved for GH1
2025-07-08 13:40:02,091 - INFO - Dependence plot saved for SR1
2025-07-08 13:40:02,189 - INFO - Accuracy: 0.9863
2025-07-08 13:40:02,189 - INFO - AUC-ROC: 0.9968
2025-07-08 13:40:02,189 - INFO - Precision: 0.9300
2025-07-08 13:40:02,189 - INFO - Recall: 0.9522
2025-07-08 13:40:02,189 - INFO - Classification Report:
              precision    recall  f1-score   support

           0       0.99      0.99      0.99      2259
           1       0.93      0.95      0.94       293

    accuracy                           0.99      2552
   macro avg       0.96      0.97      0.97      2552
weighted avg       0.99      0.99      0.99      2552

2025-07-08 13:40:02,191 - INFO - Confusion Matrix:
[[2238   21]
 [  14  279]]
2025-07-08 13:40:02,791 - INFO - Predictions saved to predictions/testing_predictions_with_id.xlsx
2025-07-08 13:40:02,811 - INFO - Model training completed successfully.
2025-07-08 13:40:02,811 - INFO - Loading new test data...
2025-07-08 13:40:03,986 - INFO - New data predictions saved to predictions/new_test_predictions_with_id.xlsx
2025-07-08 13:46:53,680 - INFO - Loading dataset...
2025-07-08 13:46:57,607 - INFO - Starting grid search for hyperparameter tuning...
2025-07-08 13:48:28,531 - INFO - Best parameters: {'colsample_bytree': 1.0, 'gamma': 0, 'learning_rate': 0.1, 'max_depth': 6, 'min_child_weight': 1, 'n_estimators': 300, 'subsample': 1.0}
2025-07-08 13:48:28,531 - INFO - Starting SHAP explanation...
2025-07-08 13:48:31,341 - INFO - SHAP values saved to shap_outputs/shap_values.csv
2025-07-08 13:48:38,180 - INFO - SHAP beeswarm plot saved to shap_outputs/shap_beeswarm_plot.png
2025-07-08 13:48:38,883 - INFO - SHAP feature importance bar plot saved to shap_outputs/shap_feature_importance_bar.png
2025-07-08 13:48:40,912 - INFO - Dependence plot saved for SR2
2025-07-08 13:48:42,234 - INFO - Dependence plot saved for T1
2025-07-08 13:48:44,390 - INFO - Dependence plot saved for S1
2025-07-08 13:48:46,180 - INFO - Dependence plot saved for GH1
2025-07-08 13:48:48,257 - INFO - Dependence plot saved for SR1
2025-07-08 13:48:48,280 - INFO - SHAP summary text saved to shap_outputs/shap_summary.txt
2025-07-08 13:48:48,376 - INFO - Accuracy: 0.9863
2025-07-08 13:48:48,376 - INFO - AUC-ROC: 0.9968
2025-07-08 13:48:48,376 - INFO - Precision: 0.9300
2025-07-08 13:48:48,376 - INFO - Recall: 0.9522
2025-07-08 13:48:48,378 - INFO - Classification Report:
              precision    recall  f1-score   support

           0       0.99      0.99      0.99      2259
           1       0.93      0.95      0.94       293

    accuracy                           0.99      2552
   macro avg       0.96      0.97      0.97      2552
weighted avg       0.99      0.99      0.99      2552

2025-07-08 13:48:48,378 - INFO - Confusion Matrix:
[[2238   21]
 [  14  279]]
2025-07-08 13:48:48,924 - INFO - Predictions saved to predictions/testing_predictions_with_id.xlsx
2025-07-08 13:48:48,949 - INFO - Model training completed successfully.
2025-07-08 13:48:48,949 - INFO - Loading new test data...
2025-07-08 13:48:50,664 - INFO - New data predictions saved to predictions/new_test_predictions_with_id.xlsx
